<?xml version="1.0" encoding="UTF-8"?>
<!-- Generated by org.testng.reporters.JUnitXMLReporter -->
<testsuite hostname="ShubhaM-PC" name="Default test" tests="4" failures="0" timestamp="8 Apr 2019 19:02:54 GMT" time="34.594" errors="0">
  <testcase name="testCalculator" time="8.069" classname="com.calculator.test.CalculatorTest"/>
  <testcase name="testCalculator" time="9.07" classname="com.calculator.test.CalculatorTest"/>
  <testcase name="testCalculator" time="10.787" classname="com.calculator.test.CalculatorTest"/>
  <testcase name="testCalculator" time="6.646" classname="com.calculator.test.CalculatorTest"/>
</testsuite> <!-- Default test -->
